
[error occurred during error reporting (printing fatal error message), id 0xc00000fd, EXCEPTION_STACK_OVERFLOW (0xc00000fd) at pc=0x00007ffbfa2afe38]

#
#  Internal Error (stackOverflow.cpp:252), pid=21996, tid=17112
#  guarantee(cur_sp > stack_reserved_zone_base()) failed: not enough space to reguard - increase StackShadowPages
#
# JRE version: OpenJDK Runtime Environment (16.0+36) (build 16+36-2231)
# Java VM: OpenJDK 64-Bit Server VM (16+36-2231, mixed mode, sharing, tiered, compressed oops, g1 gc, windows-amd64)
# No core dump will be written. Minidumps are not enabled by default on client versions of Windows
#
# If you would like to submit a bug report, please visit:
#   https://bugreport.java.com/bugreport/crash.jsp
#

---------------  S U M M A R Y ------------

Command Line: -Dfile.encoding=UTF-8 -XX:+ShowCodeDetailsInExceptionMessages com.capstone.Healthifyme.HealthifymeApplication

Host: 11th Gen Intel(R) Core(TM) i7-1165G7 @ 2.80GHz, 8 cores, 15G,  Windows 10 , 64 bit Build 22000 (10.0.22000.708)
Time: Wed Aug 17 10:09:52 2022 India Standard Time elapsed time: 250.435897 seconds (0d 0h 4m 10s)

---------------  T H R E A D  ---------------

Current thread (0x000001474d979af0):  JavaThread "http-nio-8080-exec-9" daemon [_thread_in_vm, id=17112, stack(0x000000065d300000,0x000000065d400000)]

Stack: [0x000000065d300000,0x000000065d400000]
Native frames: (J=compiled Java code, j=interpreted, Vv=VM code, C=native code)
V  [jvm.dll+0x6681da]
V  [jvm.dll+0x7c9d99]
V  [jvm.dll+0x7cb4d3]
V  [jvm.dll+0x7cba95]
V  [jvm.dll+0x7cba4b]
V  [jvm.dll+0x6675d7]
