#
# A fatal error has been detected by the Java Runtime Environment:
#
#  Internal Error (stackOverflow.cpp:252), pid=21112, tid=26668
#  guarantee(cur_sp > stack_reserved_zone_base()) failed: not enough space to reguard - increase StackShadowPages
#
# JRE version: OpenJDK Runtime Environment (16.0+36) (build 16+36-2231)
# Java VM: OpenJDK 64-Bit Server VM (16+36-2231, mixed mode, sharing, tiered, compressed oops, g1 gc, windows-amd64)
# No core dump will be written. Minidumps are not enabled by default on client versions of Windows
#
# If you would like to submit a bug report, please visit:
#   https://bugreport.java.com/bugreport/crash.jsp
#

---------------  S U M M A R Y ------------

Command Line: -Dfile.encoding=UTF-8 -XX:+ShowCodeDetailsInExceptionMessages com.capstone.Healthifyme.HealthifymeApplication

Host: 11th Gen Intel(R) Core(TM) i7-1165G7 @ 2.80GHz, 8 cores, 15G,  Windows 10 , 64 bit Build 22000 (10.0.22000.708)
Time: Sat Aug 20 11:08:15 2022 India Standard Time elapsed time: 52.371887 seconds (0d 0h 0m 52s)

---------------  T H R E A D  ---------------

Current thread (0x00000210439a9820):  JavaThread "http-nio-8080-exec-4" daemon [_thread_in_vm, id=26668, stack(0x000000bb53b00000,0x000000bb53c00000)]

Stack: [0x000000bb53b00000,0x000000bb53c00000]
Native frames: (J=compiled Java code, j=interpreted, Vv=VM code, C=native code)
V  [jvm.dll+0x6681da]